📤 Найдено 1 файлов сессий. Загружаем в Gist...
- Creating gist 2025-09-14_07-31_geodac_session.md
✓ Created public gist 2025-09-14_07-31_geodac_session.md
https://gist.github.com/creator4ever-bot/14c53527de93d8eee4c2ab844fa5af69
✅ Бэкап загружен: https://gist.github.com/creator4ever-bot/14c53527de93d8eee4c2ab844fa5af69
✅ Процесс завершён успешно.
📤 Найдено 1 файлов сессий. Загружаем в Gist...
- Creating gist 2025-09-14_07-31_geodac_session.md
✓ Created public gist 2025-09-14_07-31_geodac_session.md
https://gist.github.com/creator4ever-bot/f3b0436dfe97cbcdf85459fdac1b5fa8
✅ Бэкап загружен: https://gist.github.com/creator4ever-bot/f3b0436dfe97cbcdf85459fdac1b5fa8
✅ Процесс завершён успешно.
📤 Найдено 4 файлов сессий. Загружаем в Gist...
- Creating gist with multiple files
✓ Created public gist 2025-09-15_02-59_geodac_session.md
https://gist.github.com/creator4ever-bot/f5e0263eef014e89885de4ef1a94cd8c
✅ Бэкап загружен: https://gist.github.com/creator4ever-bot/f5e0263eef014e89885de4ef1a94cd8c
🔄 Создана новая версия recovery-файла: /home/DAC/astro/astro_recovery_2025-09-15.md
✅ Процесс завершён успешно.
ℹ️ Нет GeoDAC-сессий за 2025-09-16 — бэкап не требуется.
