Upsert done: inserted=6, updated=4, total=10
Replace mode: deleted=16
Upsert done: inserted=20, updated=0, total=20
Pruned older than 183d: 0
Upsert done: inserted=20, updated=0, total=20
Pruned older than 183d: 0
Upsert done: inserted=0, updated=18, total=18
Replace mode: deleted=32
Upsert done: inserted=10, updated=8, total=18
Pruned older than 183d: 0
Upsert done: inserted=1, updated=18, total=19
Replace mode: deleted=10
[2025-09-12 16:58:00] long start FROM=2025-03-12 TO=2026-03-12 CAL=Astro — Long (Managed)
[backup] saved: /home/DAC/astro/backups/Long_20250912-1658.json count: 10
[calc] RAW written: 4977 bytes
OK: wrote 12 events -> /home/DAC/astro/transits_long_for_ics.json
[post] Rx/S annotated
[validate] events: 12
[abort] too few events (12 < 15)
[2025-09-12 17:03:23] long start FROM=2025-03-12 TO=2026-03-12 CAL=Astro — Long (Managed)
[backup] saved: /home/DAC/astro/backups/Long_20250912-1703.json count: 10
[calc] RAW written: 4977 bytes
OK: wrote 12 events -> /home/DAC/astro/transits_long_for_ics.json
[post] Rx/S annotated
[validate] events: 12
Upsert done: inserted=7, updated=5, total=12
Replace mode: deleted=14
[2025-09-12 17:03:41] long done
[2025-09-13 00:53:10] long FROM=2025-03-13 TO=2026-03-13 CAL=Astro — Long (Managed)
[backup] saved: /home/DAC/astro/backups/Long_20250913-0053.json count: 12
OK: wrote 12 events -> /home/DAC/astro/transits_long_for_ics.json
[post] Rx/S done
OK: /home/DAC/astro/experimental_configs_rich.json events: 13
[merge] FIX: 12 RICH: 13 => MERGED: 25
[validate] events:, 25
Upsert done: inserted=13, updated=12, total=25
Replace mode: deleted=0
[2025-09-13 00:53:29] long done
[2025-09-13 04:59:08] long FROM=2025-03-13 TO=2026-03-13 CAL=Astro — Long (Managed)
[backup] saved: /home/DAC/astro/backups/Long_20250913-0459.json count: 25
OK: wrote 12 events -> /home/DAC/astro/transits_long_for_ics.json
[post] Rx/S done
OK: /home/DAC/astro/experimental_configs_rich.json events: 13
[merge] FIX: 12 RICH: 13 => MERGED: 25
[validate] events:, 25
Upsert done: inserted=0, updated=25, total=25
Replace mode: deleted=0
[2025-09-13 04:59:25] long done
[2025-09-15 01:55:15] long FROM=2025-03-15 TO=2026-03-15 CAL=Astro — Long (Managed)
[backup] saved: /home/DAC/astro/backups/Long_20250915-0155.json count: 25
OK: wrote 12 events -> /home/DAC/astro/transits_long_for_ics.json
[post] Rx/S done
OK: /home/DAC/astro/experimental_configs_rich.json events: 13
[merge] FIX: 12 RICH: 13 => MERGED: 25
[validate] events:, 25
Upsert done: inserted=0, updated=25, total=25
Replace mode: deleted=0
[2025-09-15 01:55:29] long done
[2025-09-16 04:48:49] long FROM=2025-03-16 TO=2026-03-16 CAL=Astro — Long (Managed)
[backup] saved: /home/DAC/astro/backups/Long_20250916-0448.json count: 25
OK: wrote 11 events -> /home/DAC/astro/transits_long_for_ics.json
[post] Rx/S done
OK: /home/DAC/astro/experimental_configs_rich.json events: 0
[merge] FIX: 11 RICH: 0 => MERGED: 11
[validate] events:, 11
[gcal] upsert start: total=11
[gcal] upsert 1/11 (9%)
[gcal] upsert 2/11 (18%)
[gcal] upsert 3/11 (27%)
[gcal] upsert 4/11 (36%)
[gcal] upsert 5/11 (45%)
[gcal] upsert 6/11 (54%)
[gcal] upsert 7/11 (63%)
[gcal] upsert 8/11 (72%)
[gcal] upsert 9/11 (81%)
[gcal] upsert 10/11 (90%)
[gcal] upsert 11/11 (100%)
Upsert done: inserted=1, updated=10, skipped=0, total=11
[gcal] replace: scanning and deleting extras...
Replace mode: deleted=15
[2025-09-16 04:49:04] long done
[2025-09-16 05:04:43] long FROM=2025-03-16 TO=2026-03-16 CAL=Astro — Long (Managed)
[backup] saved: /home/DAC/astro/backups/Long_20250916-0504.json count: 11
OK: wrote 11 events -> /home/DAC/astro/transits_long_for_ics.json
[post] Rx/S done
OK: /home/DAC/astro/experimental_configs_rich.json events: 0
[merge] FIX: 11 RICH: 0 => MERGED: 11
[validate] events:, 11
[gcal] upsert start: total=11
[gcal] upsert 1/11 (9%)
[gcal] upsert 2/11 (18%)
[gcal] upsert 3/11 (27%)
[gcal] upsert 4/11 (36%)
[gcal] upsert 5/11 (45%)
[gcal] upsert 6/11 (54%)
[gcal] upsert 7/11 (63%)
[gcal] upsert 8/11 (72%)
[gcal] upsert 9/11 (81%)
[gcal] upsert 10/11 (90%)
[gcal] upsert 11/11 (100%)
Upsert done: inserted=0, updated=2, skipped=9, total=11
[gcal] replace: scanning and deleting extras...
Replace mode: deleted=0
[2025-09-16 05:04:50] long done
[2025-09-16 05:13:44] long FROM=2025-03-16 TO=2026-03-16 CAL=Astro — Long (Managed)
[backup] saved: /home/DAC/astro/backups/Long_20250916-0513.json count: 11
OK: wrote 11 events -> /home/DAC/astro/transits_long_for_ics.json
[post] Rx/S done
OK: /home/DAC/astro/experimental_configs_rich.json events: 0
[merge] FIX: 11 RICH: 0 => MERGED: 11
[validate] events:, 11
[gcal] upsert start: total=11
[gcal] upsert 1/11 (9%)
[gcal] upsert 2/11 (18%)
[gcal] upsert 3/11 (27%)
[gcal] upsert 4/11 (36%)
[gcal] upsert 5/11 (45%)
[gcal] upsert 6/11 (54%)
[gcal] upsert 7/11 (63%)
[gcal] upsert 8/11 (72%)
[gcal] upsert 9/11 (81%)
[gcal] upsert 10/11 (90%)
[gcal] upsert 11/11 (100%)
Upsert done: inserted=0, updated=2, skipped=9, total=11
[gcal] replace: scanning and deleting extras...
Replace mode: deleted=0
[2025-09-16 05:13:50] long done
[2025-09-16 05:24:22] long FROM=2025-03-16 TO=2026-03-16 CAL=Astro — Long (Managed)
[backup] saved: /home/DAC/astro/backups/Long_20250916-0524.json count: 11
OK: wrote 11 events -> /home/DAC/astro/transits_long_for_ics.json
[post] Rx/S done
OK: /home/DAC/astro/experimental_configs_rich.json events: 0
[merge] FIX: 11 RICH: 0 => MERGED: 11
[filter] Long: removed 0 figures
[validate] events:, 11
[abort] few events
